[2023-09-21T08:25:03.704+0000] {taskinstance.py:1157} INFO - Dependencies all met for dep_context=non-requeueable deps ti=<TaskInstance: main_dag.run_dbt manual__2023-09-21T08:23:28.102533+00:00 [queued]>
[2023-09-21T08:25:03.716+0000] {taskinstance.py:1157} INFO - Dependencies all met for dep_context=requeueable deps ti=<TaskInstance: main_dag.run_dbt manual__2023-09-21T08:23:28.102533+00:00 [queued]>
[2023-09-21T08:25:03.716+0000] {taskinstance.py:1359} INFO - Starting attempt 1 of 1
[2023-09-21T08:25:03.737+0000] {taskinstance.py:1380} INFO - Executing <Task(BashOperator): run_dbt> on 2023-09-21 08:23:28.102533+00:00
[2023-09-21T08:25:03.744+0000] {standard_task_runner.py:57} INFO - Started process 148 to run task
[2023-09-21T08:25:03.748+0000] {standard_task_runner.py:84} INFO - Running: ['***', 'tasks', 'run', 'main_dag', 'run_dbt', 'manual__2023-09-21T08:23:28.102533+00:00', '--job-id', '7', '--raw', '--subdir', 'DAGS_FOLDER/main_dag.py', '--cfg-path', '/tmp/tmpa0ek14ae']
[2023-09-21T08:25:03.751+0000] {standard_task_runner.py:85} INFO - Job 7: Subtask run_dbt
[2023-09-21T08:25:03.814+0000] {task_command.py:415} INFO - Running <TaskInstance: main_dag.run_dbt manual__2023-09-21T08:23:28.102533+00:00 [running]> on host efc7e3a30856
[2023-09-21T08:25:03.927+0000] {taskinstance.py:1660} INFO - Exporting env vars: AIRFLOW_CTX_DAG_OWNER='***' AIRFLOW_CTX_DAG_ID='main_dag' AIRFLOW_CTX_TASK_ID='run_dbt' AIRFLOW_CTX_EXECUTION_DATE='2023-09-21T08:23:28.102533+00:00' AIRFLOW_CTX_TRY_NUMBER='1' AIRFLOW_CTX_DAG_RUN_ID='manual__2023-09-21T08:23:28.102533+00:00'
[2023-09-21T08:25:03.929+0000] {subprocess.py:63} INFO - Tmp dir root location: /tmp
[2023-09-21T08:25:03.930+0000] {subprocess.py:75} INFO - Running command: ['/bin/bash', '-c', 'dbt run --profiles-dir /.dbt --project-dir /dbt_project']
[2023-09-21T08:25:03.943+0000] {subprocess.py:86} INFO - Output:
[2023-09-21T08:25:07.924+0000] {subprocess.py:93} INFO - [0m08:25:07  Running with dbt=1.5.3
[2023-09-21T08:25:08.448+0000] {subprocess.py:93} INFO - [0m08:25:08  Registered adapter: postgres=1.5.3
[2023-09-21T08:25:08.726+0000] {subprocess.py:93} INFO - [0m08:25:08  [[33mWARNING[0m]: Configuration paths exist in your dbt_project.yml file which do not apply to any resources.
[2023-09-21T08:25:08.726+0000] {subprocess.py:93} INFO - There are 1 unused configuration paths:
[2023-09-21T08:25:08.727+0000] {subprocess.py:93} INFO - - models.dbt_supermarket_data_engineering.example
[2023-09-21T08:25:08.772+0000] {subprocess.py:93} INFO - [0m08:25:08  Found 5 models, 0 tests, 1 snapshot, 0 analyses, 718 macros, 0 operations, 0 seed files, 1 source, 0 exposures, 0 metrics, 0 groups
[2023-09-21T08:25:08.776+0000] {subprocess.py:93} INFO - [0m08:25:08
[2023-09-21T08:25:08.941+0000] {subprocess.py:93} INFO - [0m08:25:08  Concurrency: 1 threads (target='dev')
[2023-09-21T08:25:08.942+0000] {subprocess.py:93} INFO - [0m08:25:08
[2023-09-21T08:25:08.948+0000] {subprocess.py:93} INFO - [0m08:25:08  1 of 5 START sql incremental model public.dim_product_descriptions ............. [RUN]
[2023-09-21T08:25:09.216+0000] {subprocess.py:93} INFO - [0m08:25:09  1 of 5 OK created sql incremental model public.dim_product_descriptions ........ [[32mSELECT 637[0m in 0.27s]
[2023-09-21T08:25:09.220+0000] {subprocess.py:93} INFO - [0m08:25:09  2 of 5 START sql incremental model public.fct_product_prices ................... [RUN]
[2023-09-21T08:25:09.387+0000] {subprocess.py:93} INFO - [0m08:25:09  2 of 5 ERROR creating sql incremental model public.fct_product_prices .......... [[31mERROR[0m in 0.16s]
[2023-09-21T08:25:09.393+0000] {subprocess.py:93} INFO - [0m08:25:09  3 of 5 START sql incremental model public.fct_product_specials ................. [RUN]
[2023-09-21T08:25:09.531+0000] {subprocess.py:93} INFO - [0m08:25:09  3 of 5 OK created sql incremental model public.fct_product_specials ............ [[32mSELECT 199[0m in 0.13s]
[2023-09-21T08:25:09.536+0000] {subprocess.py:93} INFO - [0m08:25:09  4 of 5 SKIP relation public.mart_pricing_over_time ............................. [[33mSKIP[0m]
[2023-09-21T08:25:09.539+0000] {subprocess.py:93} INFO - [0m08:25:09  5 of 5 START sql incremental model public.mart_specials_over_time .............. [RUN]
[2023-09-21T08:25:09.674+0000] {subprocess.py:93} INFO - [0m08:25:09  5 of 5 OK created sql incremental model public.mart_specials_over_time ......... [[32mSELECT 199[0m in 0.13s]
[2023-09-21T08:25:09.696+0000] {subprocess.py:93} INFO - [0m08:25:09
[2023-09-21T08:25:09.697+0000] {subprocess.py:93} INFO - [0m08:25:09  Finished running 5 incremental models in 0 hours 0 minutes and 0.92 seconds (0.92s).
[2023-09-21T08:25:09.722+0000] {subprocess.py:93} INFO - [0m08:25:09
[2023-09-21T08:25:09.724+0000] {subprocess.py:93} INFO - [0m08:25:09  [31mCompleted with 1 error and 0 warnings:[0m
[2023-09-21T08:25:09.724+0000] {subprocess.py:93} INFO - [0m08:25:09
[2023-09-21T08:25:09.726+0000] {subprocess.py:93} INFO - [0m08:25:09  [33mDatabase Error in model fct_product_prices (models/fct_product_prices.sql)[0m
[2023-09-21T08:25:09.726+0000] {subprocess.py:93} INFO - [0m08:25:09    invalid input syntax for type numeric: ""
[2023-09-21T08:25:09.727+0000] {subprocess.py:93} INFO - [0m08:25:09    compiled Code at target/run/dbt_supermarket_data_engineering/models/fct_product_prices.sql
[2023-09-21T08:25:09.729+0000] {subprocess.py:93} INFO - [0m08:25:09
[2023-09-21T08:25:09.730+0000] {subprocess.py:93} INFO - [0m08:25:09  Done. PASS=3 WARN=0 ERROR=1 SKIP=1 TOTAL=5
[2023-09-21T08:25:12.487+0000] {subprocess.py:97} INFO - Command exited with return code 1
[2023-09-21T08:25:12.504+0000] {taskinstance.py:1935} ERROR - Task failed with exception
Traceback (most recent call last):
  File "/home/airflow/.local/lib/python3.8/site-packages/airflow/operators/bash.py", line 210, in execute
    raise AirflowException(
airflow.exceptions.AirflowException: Bash command failed. The command returned a non-zero exit code 1.
[2023-09-21T08:25:12.509+0000] {taskinstance.py:1398} INFO - Marking task as FAILED. dag_id=main_dag, task_id=run_dbt, execution_date=20230921T082328, start_date=20230921T082503, end_date=20230921T082512
[2023-09-21T08:25:12.625+0000] {standard_task_runner.py:104} ERROR - Failed to execute job 7 for task run_dbt (Bash command failed. The command returned a non-zero exit code 1.; 148)
[2023-09-21T08:25:12.675+0000] {local_task_job_runner.py:228} INFO - Task exited with return code 1
[2023-09-21T08:25:12.710+0000] {taskinstance.py:2776} INFO - 0 downstream tasks scheduled from follow-on schedule check
