[2023-09-21T08:39:24.002+0000] {taskinstance.py:1157} INFO - Dependencies all met for dep_context=non-requeueable deps ti=<TaskInstance: main_dag.run_dbt manual__2023-09-21T08:37:46.912052+00:00 [queued]>
[2023-09-21T08:39:24.018+0000] {taskinstance.py:1157} INFO - Dependencies all met for dep_context=requeueable deps ti=<TaskInstance: main_dag.run_dbt manual__2023-09-21T08:37:46.912052+00:00 [queued]>
[2023-09-21T08:39:24.020+0000] {taskinstance.py:1359} INFO - Starting attempt 1 of 1
[2023-09-21T08:39:24.053+0000] {taskinstance.py:1380} INFO - Executing <Task(BashOperator): run_dbt> on 2023-09-21 08:37:46.912052+00:00
[2023-09-21T08:39:24.062+0000] {standard_task_runner.py:57} INFO - Started process 406 to run task
[2023-09-21T08:39:24.065+0000] {standard_task_runner.py:84} INFO - Running: ['***', 'tasks', 'run', 'main_dag', 'run_dbt', 'manual__2023-09-21T08:37:46.912052+00:00', '--job-id', '12', '--raw', '--subdir', 'DAGS_FOLDER/main_dag.py', '--cfg-path', '/tmp/tmpwo7zae85']
[2023-09-21T08:39:24.071+0000] {standard_task_runner.py:85} INFO - Job 12: Subtask run_dbt
[2023-09-21T08:39:24.156+0000] {task_command.py:415} INFO - Running <TaskInstance: main_dag.run_dbt manual__2023-09-21T08:37:46.912052+00:00 [running]> on host efc7e3a30856
[2023-09-21T08:39:24.296+0000] {taskinstance.py:1660} INFO - Exporting env vars: AIRFLOW_CTX_DAG_OWNER='***' AIRFLOW_CTX_DAG_ID='main_dag' AIRFLOW_CTX_TASK_ID='run_dbt' AIRFLOW_CTX_EXECUTION_DATE='2023-09-21T08:37:46.912052+00:00' AIRFLOW_CTX_TRY_NUMBER='1' AIRFLOW_CTX_DAG_RUN_ID='manual__2023-09-21T08:37:46.912052+00:00'
[2023-09-21T08:39:24.298+0000] {subprocess.py:63} INFO - Tmp dir root location: /tmp
[2023-09-21T08:39:24.299+0000] {subprocess.py:75} INFO - Running command: ['/bin/bash', '-c', 'dbt run --profiles-dir /.dbt --project-dir /dbt_project']
[2023-09-21T08:39:24.318+0000] {subprocess.py:86} INFO - Output:
[2023-09-21T08:39:28.686+0000] {subprocess.py:93} INFO - [0m08:39:28  Running with dbt=1.5.3
[2023-09-21T08:39:29.020+0000] {subprocess.py:93} INFO - [0m08:39:29  Registered adapter: postgres=1.5.3
[2023-09-21T08:39:29.576+0000] {subprocess.py:93} INFO - [0m08:39:29  [[33mWARNING[0m]: Configuration paths exist in your dbt_project.yml file which do not apply to any resources.
[2023-09-21T08:39:29.576+0000] {subprocess.py:93} INFO - There are 1 unused configuration paths:
[2023-09-21T08:39:29.577+0000] {subprocess.py:93} INFO - - models.dbt_supermarket_data_engineering.example
[2023-09-21T08:39:29.624+0000] {subprocess.py:93} INFO - [0m08:39:29  Found 5 models, 0 tests, 1 snapshot, 0 analyses, 718 macros, 0 operations, 0 seed files, 1 source, 0 exposures, 0 metrics, 0 groups
[2023-09-21T08:39:29.628+0000] {subprocess.py:93} INFO - [0m08:39:29
[2023-09-21T08:39:29.859+0000] {subprocess.py:93} INFO - [0m08:39:29  Concurrency: 1 threads (target='dev')
[2023-09-21T08:39:29.860+0000] {subprocess.py:93} INFO - [0m08:39:29
[2023-09-21T08:39:29.877+0000] {subprocess.py:93} INFO - [0m08:39:29  1 of 5 START sql incremental model public.dim_product_descriptions ............. [RUN]
[2023-09-21T08:39:30.285+0000] {subprocess.py:93} INFO - [0m08:39:30  1 of 5 OK created sql incremental model public.dim_product_descriptions ........ [[32mINSERT 0 637[0m in 0.40s]
[2023-09-21T08:39:30.291+0000] {subprocess.py:93} INFO - [0m08:39:30  2 of 5 START sql incremental model public.fct_product_prices ................... [RUN]
[2023-09-21T08:39:30.412+0000] {subprocess.py:93} INFO - [0m08:39:30  2 of 5 ERROR creating sql incremental model public.fct_product_prices .......... [[31mERROR[0m in 0.12s]
[2023-09-21T08:39:30.418+0000] {subprocess.py:93} INFO - [0m08:39:30  3 of 5 START sql incremental model public.fct_product_specials ................. [RUN]
[2023-09-21T08:39:30.610+0000] {subprocess.py:93} INFO - [0m08:39:30  3 of 5 OK created sql incremental model public.fct_product_specials ............ [[32mINSERT 0 199[0m in 0.19s]
[2023-09-21T08:39:30.614+0000] {subprocess.py:93} INFO - [0m08:39:30  4 of 5 SKIP relation public.mart_pricing_over_time ............................. [[33mSKIP[0m]
[2023-09-21T08:39:30.622+0000] {subprocess.py:93} INFO - [0m08:39:30  5 of 5 START sql incremental model public.mart_specials_over_time .............. [RUN]
[2023-09-21T08:39:30.801+0000] {subprocess.py:93} INFO - [0m08:39:30  5 of 5 OK created sql incremental model public.mart_specials_over_time ......... [[32mINSERT 0 199[0m in 0.17s]
[2023-09-21T08:39:30.880+0000] {subprocess.py:93} INFO - [0m08:39:30
[2023-09-21T08:39:30.889+0000] {subprocess.py:93} INFO - [0m08:39:30  Finished running 5 incremental models in 0 hours 0 minutes and 1.25 seconds (1.25s).
[2023-09-21T08:39:31.028+0000] {subprocess.py:93} INFO - [0m08:39:31
[2023-09-21T08:39:31.029+0000] {subprocess.py:93} INFO - [0m08:39:31  [31mCompleted with 1 error and 0 warnings:[0m
[2023-09-21T08:39:31.030+0000] {subprocess.py:93} INFO - [0m08:39:31
[2023-09-21T08:39:31.032+0000] {subprocess.py:93} INFO - [0m08:39:31  [33mDatabase Error in model fct_product_prices (models/fct_product_prices.sql)[0m
[2023-09-21T08:39:31.036+0000] {subprocess.py:93} INFO - [0m08:39:31    COALESCE types text and integer cannot be matched
[2023-09-21T08:39:31.037+0000] {subprocess.py:93} INFO - [0m08:39:31    LINE 29:     regexp_replace(coalesce(size,0), '\D','','g')::numeric A...
[2023-09-21T08:39:31.038+0000] {subprocess.py:93} INFO - [0m08:39:31                                              ^
[2023-09-21T08:39:31.039+0000] {subprocess.py:93} INFO - [0m08:39:31    compiled Code at target/run/dbt_supermarket_data_engineering/models/fct_product_prices.sql
[2023-09-21T08:39:31.040+0000] {subprocess.py:93} INFO - [0m08:39:31
[2023-09-21T08:39:31.041+0000] {subprocess.py:93} INFO - [0m08:39:31  Done. PASS=3 WARN=0 ERROR=1 SKIP=1 TOTAL=5
[2023-09-21T08:39:33.078+0000] {subprocess.py:97} INFO - Command exited with return code 1
[2023-09-21T08:39:33.095+0000] {taskinstance.py:1935} ERROR - Task failed with exception
Traceback (most recent call last):
  File "/home/airflow/.local/lib/python3.8/site-packages/airflow/operators/bash.py", line 210, in execute
    raise AirflowException(
airflow.exceptions.AirflowException: Bash command failed. The command returned a non-zero exit code 1.
[2023-09-21T08:39:33.108+0000] {taskinstance.py:1398} INFO - Marking task as FAILED. dag_id=main_dag, task_id=run_dbt, execution_date=20230921T083746, start_date=20230921T083924, end_date=20230921T083933
[2023-09-21T08:39:33.141+0000] {standard_task_runner.py:104} ERROR - Failed to execute job 12 for task run_dbt (Bash command failed. The command returned a non-zero exit code 1.; 406)
[2023-09-21T08:39:33.177+0000] {local_task_job_runner.py:228} INFO - Task exited with return code 1
[2023-09-21T08:39:33.222+0000] {taskinstance.py:2776} INFO - 0 downstream tasks scheduled from follow-on schedule check
